<testsuite name="Django Project Tests" errors="0" failures="0" skips="0" tests="2" time="0.006"><testcase time="0.004415" classname="MyApp.tests.AboutViewTestCase" name="test_about_view_loads" /><testcase time="0.000732" classname="MyApp.tests.HomeViewTestCase" name="test_home_view_loads" /></testsuite>